
> @restaurant/admin@1.0.0 build C:\Users\hozai\restaurant-ar-platform\apps\admin
> next build

  ▲ Next.js 14.2.35

   Creating an optimized production build ...
 ✓ Compiled successfully
   Linting and checking validity of types ...

 ⚠ The Next.js plugin was not detected in your ESLint configuration. See https://nextjs.org/docs/basic-features/eslint#migrating-existing-config

./src/app/api/admin/categories/route.ts
32:17  Warning: Unexpected any. Specify a different type.  @typescript-eslint/no-explicit-any

./src/app/api/admin/menu/route.ts
36:17  Warning: Unexpected any. Specify a different type.  @typescript-eslint/no-explicit-any
71:17  Warning: Unexpected any. Specify a different type.  @typescript-eslint/no-explicit-any

./src/app/api/admin/menu/[id]/route.ts
32:17  Warning: Unexpected any. Specify a different type.  @typescript-eslint/no-explicit-any
67:17  Warning: Unexpected any. Specify a different type.  @typescript-eslint/no-explicit-any
97:17  Warning: Unexpected any. Specify a different type.  @typescript-eslint/no-explicit-any

./src/app/api/admin/orders/route.ts
36:17  Warning: Unexpected any. Specify a different type.  @typescript-eslint/no-explicit-any

./src/app/api/admin/orders/[id]/route.ts
36:17  Warning: Unexpected any. Specify a different type.  @typescript-eslint/no-explicit-any
65:17  Warning: Unexpected any. Specify a different type.  @typescript-eslint/no-explicit-any

./src/app/api/admin/stats/route.ts
35:17  Warning: Unexpected any. Specify a different type.  @typescript-eslint/no-explicit-any

./src/app/api/admin/users/route.ts
36:17  Warning: Unexpected any. Specify a different type.  @typescript-eslint/no-explicit-any

./src/app/api/auth/login/route.ts
33:17  Warning: Unexpected any. Specify a different type.  @typescript-eslint/no-explicit-any

./src/app/api/auth/profile/route.ts
29:17  Warning: Unexpected any. Specify a different type.  @typescript-eslint/no-explicit-any

./src/app/dashboard/menu/new/page.tsx
85:19  Warning: Unexpected any. Specify a different type.  @typescript-eslint/no-explicit-any

./src/app/dashboard/menu/page.tsx
65:19  Warning: Unexpected any. Specify a different type.  @typescript-eslint/no-explicit-any

./src/app/dashboard/menu/[id]/edit/page.tsx
107:19  Warning: Unexpected any. Specify a different type.  @typescript-eslint/no-explicit-any

./src/app/dashboard/orders/[id]/page.tsx
69:19  Warning: Unexpected any. Specify a different type.  @typescript-eslint/no-explicit-any
101:19  Warning: Unexpected any. Specify a different type.  @typescript-eslint/no-explicit-any

./src/app/login/page.tsx
37:19  Warning: Unexpected any. Specify a different type.  @typescript-eslint/no-explicit-any
56:19  Warning: Unexpected any. Specify a different type.  @typescript-eslint/no-explicit-any

info  - Need to disable some ESLint rules? Learn more here: https://nextjs.org/docs/basic-features/eslint#disabling-rules
   Collecting page data ...
   Generating static pages (0/18) ...
   Generating static pages (4/18) 
   Generating static pages (8/18) 
   Generating static pages (13/18) 
 ✓ Generating static pages (18/18)
   Finalizing page optimization ...
   Collecting build traces ...

Route (app)                              Size     First Load JS
┌ ○ /                                    142 B          87.4 kB
├ ○ /_not-found                          871 B          88.1 kB
├ ƒ /api/admin/categories                0 B                0 B
├ ƒ /api/admin/menu                      0 B                0 B
├ ƒ /api/admin/menu/[id]                 0 B                0 B
├ ƒ /api/admin/orders                    0 B                0 B
├ ƒ /api/admin/orders/[id]               0 B                0 B
├ ƒ /api/admin/stats                     0 B                0 B
├ ƒ /api/admin/users                     0 B                0 B
├ ƒ /api/auth/login                      0 B                0 B
├ ƒ /api/auth/logout                     0 B                0 B
├ ƒ /api/auth/profile                    0 B                0 B
├ ○ /dashboard                           1.42 kB        97.4 kB
├ ○ /dashboard/menu                      1.79 kB        97.8 kB
├ ƒ /dashboard/menu/[id]/edit            2.14 kB        98.1 kB
├ ○ /dashboard/menu/new                  2.01 kB          98 kB
├ ○ /dashboard/orders                    1.27 kB        97.2 kB
├ ƒ /dashboard/orders/[id]               1.95 kB        97.9 kB
├ ○ /dashboard/users                     1.24 kB        97.2 kB
└ ○ /login                               1.11 kB        88.4 kB
+ First Load JS shared by all            87.3 kB
  ├ chunks/809-e8b97cfe2df3a4ed.js       31.7 kB
  ├ chunks/d003c1c0-b79c2bf96f12f6af.js  53.6 kB
  └ other shared chunks (total)          1.88 kB


ƒ Middleware                             26.6 kB

○  (Static)   prerendered as static content
ƒ  (Dynamic)  server-rendered on demand

